<?xml version="1.0" encoding="UTF-8"?>
<testsuite name="co.com.bancolombia.api.SimpleRouterTest" tests="1" skipped="0" failures="0" errors="0" timestamp="2025-09-18T09:04:50.401Z" hostname="alex" time="0.008">
  <properties/>
  <testcase name="routerRestBasicTest()" classname="co.com.bancolombia.api.SimpleRouterTest" time="0.008"/>
  <system-out><![CDATA[]]></system-out>
  <system-err><![CDATA[]]></system-err>
</testsuite>
