<?xml version="1.0" encoding="UTF-8"?>
<testsuite name="co.com.bancolombia.api.RouterRestTest" tests="3" skipped="0" failures="0" errors="0" timestamp="2025-09-18T09:04:40.525Z" hostname="alex" time="9.854">
  <properties/>
  <testcase name="POST /api/v1/solicitud - success" classname="co.com.bancolombia.api.RouterRestTest" time="9.537"/>
  <testcase name="GET /api/v1/solicitud/{id} - success" classname="co.com.bancolombia.api.RouterRestTest" time="0.041"/>
  <testcase name="RouterRest - basic instantiation" classname="co.com.bancolombia.api.RouterRestTest" time="0.259"/>
  <system-out><![CDATA[04:04:49.250 [parallel-1] INFO co.com.bancolombia.api.handler.OrderHandler -- [ORDER-1758186289237-37] Iniciando procesamiento de solicitud de préstamo
04:04:49.602 [parallel-1] INFO co.com.bancolombia.api.handler.OrderHandler -- [ORDER-1758186289237-37] Datos recibidos para usuario: e16612b2-8d6e-4b01-9e1e-2be1fc89a7a1 con email: client@pragma.com
04:04:49.603 [parallel-1] INFO co.com.bancolombia.api.handler.OrderHandler -- Validando propiedad del cliente para email: client@pragma.com
04:04:49.607 [parallel-1] INFO co.com.bancolombia.api.handler.OrderHandler -- Usuario encontrado por email: client@pragma.com, ID: e16612b2-8d6e-4b01-9e1e-2be1fc89a7a1
04:04:49.607 [parallel-1] INFO co.com.bancolombia.api.handler.OrderHandler -- Validación de propiedad exitosa para email: client@pragma.com
04:04:49.612 [parallel-1] INFO co.com.bancolombia.api.handler.OrderHandler -- [ORDER-1758186289237-37] Solicitud creada con ID: order-123
04:04:49.634 [parallel-1] INFO co.com.bancolombia.api.handler.OrderHandler -- [ORDER-1758186289237-37] Solicitud procesada exitosamente
04:04:50.094 [parallel-2] INFO co.com.bancolombia.api.handler.OrderHandler -- [ORDER-1758186290094-38] Consultando solicitud con ID: order-123
04:04:50.100 [parallel-2] INFO co.com.bancolombia.api.handler.OrderHandler -- [ORDER-1758186290094-38] Consulta exitosa para ID: order-123
]]></system-out>
  <system-err><![CDATA[]]></system-err>
</testsuite>
