<?xml version="1.0" encoding="UTF-8"?>
<testsuite name="co.com.bancolombia.api.SimpleRouterTest" tests="1" skipped="0" failures="0" errors="0" timestamp="2025-09-10T09:25:40.906Z" hostname="alex" time="0.01">
  <properties/>
  <testcase name="routerRestBasicTest()" classname="co.com.bancolombia.api.SimpleRouterTest" time="0.01"/>
  <system-out><![CDATA[]]></system-out>
  <system-err><![CDATA[]]></system-err>
</testsuite>
