<?xml version="1.0" encoding="UTF-8"?>
<testsuite name="co.com.bancolombia.api.RouterRestTest" tests="3" skipped="0" failures="0" errors="0" timestamp="2025-09-17T12:22:37.381Z" hostname="alex" time="6.936">
  <properties/>
  <testcase name="POST /api/v1/solicitud - success" classname="co.com.bancolombia.api.RouterRestTest" time="6.794"/>
  <testcase name="GET /api/v1/solicitud/{id} - success" classname="co.com.bancolombia.api.RouterRestTest" time="0.028"/>
  <testcase name="RouterRest - basic instantiation" classname="co.com.bancolombia.api.RouterRestTest" time="0.107"/>
  <system-out><![CDATA[07:22:43.616 [parallel-1] INFO co.com.bancolombia.api.handler.OrderHandler -- [ORDER-1758111763609-37] Iniciando procesamiento de solicitud de préstamo
07:22:43.838 [parallel-1] INFO co.com.bancolombia.api.handler.OrderHandler -- [ORDER-1758111763609-37] Datos recibidos para usuario: 228a37e8-6991-4dd9-af25-6fdc6ee907c3 con email: client@pragma.com
07:22:43.839 [parallel-1] INFO co.com.bancolombia.api.handler.OrderHandler -- Validando propiedad del cliente para email: client@pragma.com
07:22:43.841 [parallel-1] INFO co.com.bancolombia.api.handler.OrderHandler -- Usuario encontrado por email: client@pragma.com, ID: 228a37e8-6991-4dd9-af25-6fdc6ee907c3
07:22:43.841 [parallel-1] INFO co.com.bancolombia.api.handler.OrderHandler -- Validación de propiedad exitosa para email: client@pragma.com
07:22:43.845 [parallel-1] INFO co.com.bancolombia.api.handler.OrderHandler -- [ORDER-1758111763609-37] Solicitud creada con ID: order-123
07:22:43.866 [parallel-1] INFO co.com.bancolombia.api.handler.OrderHandler -- [ORDER-1758111763609-37] Solicitud procesada exitosamente
07:22:44.194 [parallel-2] INFO co.com.bancolombia.api.handler.OrderHandler -- [ORDER-1758111764194-38] Consultando solicitud con ID: order-123
07:22:44.199 [parallel-2] INFO co.com.bancolombia.api.handler.OrderHandler -- [ORDER-1758111764194-38] Consulta exitosa para ID: order-123
]]></system-out>
  <system-err><![CDATA[]]></system-err>
</testsuite>
