<?xml version="1.0" encoding="UTF-8"?>
<testsuite name="co.com.bancolombia.r2dbc.user.UserRepositoryAdapterTest" tests="3" skipped="0" failures="0" errors="0" timestamp="2025-09-17T12:25:33.108Z" hostname="alex" time="7.197">
  <properties/>
  <testcase name="emailExists()" classname="co.com.bancolombia.r2dbc.user.UserRepositoryAdapterTest" time="7.096"/>
  <testcase name="deleteUser()" classname="co.com.bancolombia.r2dbc.user.UserRepositoryAdapterTest" time="0.035"/>
  <testcase name="getUserById()" classname="co.com.bancolombia.r2dbc.user.UserRepositoryAdapterTest" time="0.06"/>
  <system-out><![CDATA[]]></system-out>
  <system-err><![CDATA[]]></system-err>
</testsuite>
