<?xml version="1.0" encoding="UTF-8"?>
<testsuite name="co.com.bancolombia.r2dbc.user.UserRepositoryAdapterTest" tests="3" skipped="0" failures="0" errors="0" timestamp="2025-09-10T04:15:54.954Z" hostname="alex" time="5.996">
  <properties/>
  <testcase name="emailExists()" classname="co.com.bancolombia.r2dbc.user.UserRepositoryAdapterTest" time="5.92"/>
  <testcase name="deleteUser()" classname="co.com.bancolombia.r2dbc.user.UserRepositoryAdapterTest" time="0.024"/>
  <testcase name="getUserById()" classname="co.com.bancolombia.r2dbc.user.UserRepositoryAdapterTest" time="0.044"/>
  <system-out><![CDATA[]]></system-out>
  <system-err><![CDATA[]]></system-err>
</testsuite>
