<?xml version="1.0" encoding="UTF-8"?>
<testsuite name="co.com.bancolombia.model.user.UserTest" tests="3" skipped="0" failures="0" errors="0" timestamp="2025-09-10T04:15:52.516Z" hostname="alex" time="0.268">
  <properties/>
  <testcase name="createUser_WithEmptyName_ShouldFail()" classname="co.com.bancolombia.model.user.UserTest" time="0.23"/>
  <testcase name="createUser_WithNegativeSalary_ShouldFail()" classname="co.com.bancolombia.model.user.UserTest" time="0.011"/>
  <testcase name="createUser_WithValidData_ShouldWork()" classname="co.com.bancolombia.model.user.UserTest" time="0.017"/>
  <system-out><![CDATA[]]></system-out>
  <system-err><![CDATA[]]></system-err>
</testsuite>
