<?xml version="1.0" encoding="UTF-8"?>
<testsuite name="co.com.bancolombia.model.user.UserTest" tests="3" skipped="0" failures="0" errors="0" timestamp="2025-09-17T12:25:30.426Z" hostname="alex" time="0.146">
  <properties/>
  <testcase name="createUser_WithEmptyName_ShouldFail()" classname="co.com.bancolombia.model.user.UserTest" time="0.111"/>
  <testcase name="createUser_WithNegativeSalary_ShouldFail()" classname="co.com.bancolombia.model.user.UserTest" time="0.01"/>
  <testcase name="createUser_WithValidData_ShouldWork()" classname="co.com.bancolombia.model.user.UserTest" time="0.014"/>
  <system-out><![CDATA[]]></system-out>
  <system-err><![CDATA[]]></system-err>
</testsuite>
