<?xml version="1.0" encoding="UTF-8"?>
<testsuite name="co.com.bancolombia.config.UseCasesConfigTest" tests="1" skipped="0" failures="0" errors="0" timestamp="2025-09-18T09:05:00.309Z" hostname="alex" time="2.609">
  <properties/>
  <testcase name="testUseCaseBeansExist()" classname="co.com.bancolombia.config.UseCasesConfigTest" time="2.609"/>
  <system-out><![CDATA[]]></system-out>
  <system-err><![CDATA[]]></system-err>
</testsuite>
