<?xml version="1.0" encoding="UTF-8"?>
<testsuite name="co.com.bancolombia.model.loantype.LoanTypeTest" tests="7" skipped="0" failures="0" errors="0" timestamp="2025-09-10T07:30:20.470Z" hostname="alex" time="0.248">
  <properties/>
  <testcase name="Amount validation - amount below minimum" classname="co.com.bancolombia.model.loantype.LoanTypeTest" time="0.154"/>
  <testcase name="Create loan type - success" classname="co.com.bancolombia.model.loantype.LoanTypeTest" time="0.031"/>
  <testcase name="Edge case - minimum equals maximum" classname="co.com.bancolombia.model.loantype.LoanTypeTest" time="0.009"/>
  <testcase name="Builder pattern - all fields" classname="co.com.bancolombia.model.loantype.LoanTypeTest" time="0.008"/>
  <testcase name="Amount validation - valid amount within range" classname="co.com.bancolombia.model.loantype.LoanTypeTest" time="0.002"/>
  <testcase name="Amount validation with decimal values" classname="co.com.bancolombia.model.loantype.LoanTypeTest" time="0.005"/>
  <testcase name="Amount validation - amount above maximum" classname="co.com.bancolombia.model.loantype.LoanTypeTest" time="0.002"/>
  <system-out><![CDATA[]]></system-out>
  <system-err><![CDATA[]]></system-err>
</testsuite>
